#! /usr/bin/vvp
:ivl_version "0.9.7 " "(v0_9_7)";
:vpi_time_precision + 0;
:vpi_module "system";
:vpi_module "v2005_math";
:vpi_module "va_math";
S_0x270ff70 .scope module, "circuitlongtest" "circuitlongtest" 2 1;
 .timescale 0 0;
v0x2725dc0_0 .var "atest", 0 0;
v0x2725e60_0 .var "btest", 0 0;
v0x2725f10_0 .var "ctest", 0 0;
v0x2725fc0_0 .net "f", 0 0, L_0x2726860; 1 drivers
S_0x2710060 .scope module, "DUT" "circuitlong" 2 6, 3 11, S_0x270ff70;
 .timescale 0 0;
L_0x2725b90 .functor NOT 1, v0x2725dc0_0, C4<0>, C4<0>, C4<0>;
L_0x27260d0 .functor NOT 1, v0x2725e60_0, C4<0>, C4<0>, C4<0>;
L_0x2726180 .functor NOT 1, v0x2725f10_0, C4<0>, C4<0>, C4<0>;
L_0x2726230 .functor AND 1, L_0x2725b90, L_0x27260d0, v0x2725f10_0, C4<1>;
L_0x2726360 .functor AND 1, v0x2725dc0_0, L_0x27260d0, L_0x2726180, C4<1>;
L_0x2726440 .functor AND 1, v0x2725dc0_0, L_0x27260d0, v0x2725f10_0, C4<1>;
L_0x2726680 .functor AND 1, v0x2725dc0_0, v0x2725e60_0, L_0x2726180, C4<1>;
L_0x2726710 .functor AND 1, v0x2725dc0_0, v0x2725e60_0, v0x2725f10_0, C4<1>;
L_0x2726860/0/0 .functor OR 1, L_0x2726230, L_0x2726360, L_0x2726440, L_0x2726680;
L_0x2726860/0/4 .functor OR 1, L_0x2726710, C4<0>, C4<0>, C4<0>;
L_0x2726860 .functor OR 1, L_0x2726860/0/0, L_0x2726860/0/4, C4<0>, C4<0>;
v0x26d6690_0 .net "Y0", 0 0, L_0x2726230; 1 drivers
v0x2725570_0 .net "Y1", 0 0, L_0x2726360; 1 drivers
v0x2725610_0 .net "Y2", 0 0, L_0x2726440; 1 drivers
v0x27256b0_0 .net "Y3", 0 0, L_0x2726680; 1 drivers
v0x2725760_0 .net "Y4", 0 0, L_0x2726710; 1 drivers
v0x2725800_0 .net "a", 0 0, v0x2725dc0_0; 1 drivers
v0x27258e0_0 .net "b", 0 0, v0x2725e60_0; 1 drivers
v0x2725980_0 .net "c", 0 0, v0x2725f10_0; 1 drivers
v0x2725a70_0 .net "nota", 0 0, L_0x2725b90; 1 drivers
v0x2725b10_0 .net "notb", 0 0, L_0x27260d0; 1 drivers
v0x2725c10_0 .net "notc", 0 0, L_0x2726180; 1 drivers
v0x2725cb0_0 .alias "out1", 0 0, v0x2725fc0_0;
    .scope S_0x270ff70;
T_0 ;
    %vpi_call 2 10 "$dumpfile", "circuitlong.vcd";
    %vpi_call 2 11 "$dumpvars", 1'sb0, S_0x2710060;
    %ix/load 0, 1, 0;
    %assign/v0 v0x2725dc0_0, 0, 0;
    %ix/load 0, 1, 0;
    %assign/v0 v0x2725e60_0, 0, 0;
    %ix/load 0, 1, 0;
    %assign/v0 v0x2725f10_0, 0, 0;
    %delay 5, 0;
    %vpi_call 2 15 "$display", "atest = %d, btest = %d, ctest = %d, f = %d", v0x2725dc0_0, v0x2725e60_0, v0x2725f10_0, v0x2725fc0_0;
    %ix/load 0, 1, 0;
    %assign/v0 v0x2725dc0_0, 0, 0;
    %ix/load 0, 1, 0;
    %assign/v0 v0x2725e60_0, 0, 0;
    %ix/load 0, 1, 0;
    %assign/v0 v0x2725f10_0, 0, 1;
    %delay 5, 0;
    %vpi_call 2 19 "$display", "atest = %d, btest = %d, ctest = %d, f = %d", v0x2725dc0_0, v0x2725e60_0, v0x2725f10_0, v0x2725fc0_0;
    %ix/load 0, 1, 0;
    %assign/v0 v0x2725dc0_0, 0, 0;
    %ix/load 0, 1, 0;
    %assign/v0 v0x2725e60_0, 0, 1;
    %ix/load 0, 1, 0;
    %assign/v0 v0x2725f10_0, 0, 0;
    %delay 5, 0;
    %vpi_call 2 23 "$display", "atest = %d, btest = %d, ctest = %d, f = %d", v0x2725dc0_0, v0x2725e60_0, v0x2725f10_0, v0x2725fc0_0;
    %ix/load 0, 1, 0;
    %assign/v0 v0x2725dc0_0, 0, 1;
    %ix/load 0, 1, 0;
    %assign/v0 v0x2725e60_0, 0, 0;
    %ix/load 0, 1, 0;
    %assign/v0 v0x2725f10_0, 0, 0;
    %delay 5, 0;
    %vpi_call 2 27 "$display", "atest = %d, btest = %d, ctest = %d, f = %d", v0x2725dc0_0, v0x2725e60_0, v0x2725f10_0, v0x2725fc0_0;
    %ix/load 0, 1, 0;
    %assign/v0 v0x2725dc0_0, 0, 0;
    %ix/load 0, 1, 0;
    %assign/v0 v0x2725e60_0, 0, 1;
    %ix/load 0, 1, 0;
    %assign/v0 v0x2725f10_0, 0, 1;
    %delay 5, 0;
    %vpi_call 2 31 "$display", "atest = %d, btest = %d, ctest = %d, f = %d", v0x2725dc0_0, v0x2725e60_0, v0x2725f10_0, v0x2725fc0_0;
    %ix/load 0, 1, 0;
    %assign/v0 v0x2725dc0_0, 0, 1;
    %ix/load 0, 1, 0;
    %assign/v0 v0x2725e60_0, 0, 1;
    %ix/load 0, 1, 0;
    %assign/v0 v0x2725f10_0, 0, 1;
    %delay 5, 0;
    %vpi_call 2 35 "$display", "atest = %d, btest = %d, ctest = %d, f = %d", v0x2725dc0_0, v0x2725e60_0, v0x2725f10_0, v0x2725fc0_0;
    %ix/load 0, 1, 0;
    %assign/v0 v0x2725dc0_0, 0, 1;
    %ix/load 0, 1, 0;
    %assign/v0 v0x2725e60_0, 0, 0;
    %ix/load 0, 1, 0;
    %assign/v0 v0x2725f10_0, 0, 1;
    %delay 5, 0;
    %vpi_call 2 39 "$display", "atest = %d, btest = %d, ctest = %d, f = %d", v0x2725dc0_0, v0x2725e60_0, v0x2725f10_0, v0x2725fc0_0;
    %ix/load 0, 1, 0;
    %assign/v0 v0x2725dc0_0, 0, 1;
    %ix/load 0, 1, 0;
    %assign/v0 v0x2725e60_0, 0, 1;
    %ix/load 0, 1, 0;
    %assign/v0 v0x2725f10_0, 0, 0;
    %delay 5, 0;
    %vpi_call 2 43 "$display", "atest = %d, btest = %d, ctest = %d, f = %d", v0x2725dc0_0, v0x2725e60_0, v0x2725f10_0, v0x2725fc0_0;
    %end;
    .thread T_0;
# The file index is used to find the file name in the following table.
:file_names 4;
    "N/A";
    "<interactive>";
    "circuitlong-test.v";
    "circuitlong.v";
