#! /usr/bin/vvp
:ivl_version "0.9.7 " "(v0_9_7)";
:vpi_time_precision + 0;
:vpi_module "system";
:vpi_module "v2005_math";
:vpi_module "va_math";
S_0x200df70 .scope module, "circuitshorttest" "circuitshorttest" 2 3;
 .timescale 0 0;
v0x20214c0_0 .var "atest", 0 0;
v0x2021560_0 .var "btest", 0 0;
v0x2021610_0 .var "ctest", 0 0;
v0x20216c0_0 .net "f", 0 0, L_0x2021980; 1 drivers
S_0x200e060 .scope module, "DUT" "circuitshort" 2 8, 3 10, S_0x200df70;
 .timescale 0 0;
L_0x20217a0 .functor NOT 1, v0x2021560_0, C4<0>, C4<0>, C4<0>;
L_0x2021880 .functor AND 1, L_0x20217a0, v0x2021610_0, C4<1>, C4<1>;
L_0x2021980 .functor OR 1, L_0x2021880, v0x20214c0_0, C4<0>, C4<0>;
v0x1fd4690_0 .net "Y0", 0 0, L_0x2021880; 1 drivers
v0x2021150_0 .net "a", 0 0, v0x20214c0_0; 1 drivers
v0x20211f0_0 .net "b", 0 0, v0x2021560_0; 1 drivers
v0x2021290_0 .net "c", 0 0, v0x2021610_0; 1 drivers
v0x2021340_0 .net "notb", 0 0, L_0x20217a0; 1 drivers
v0x20213e0_0 .alias "out1", 0 0, v0x20216c0_0;
    .scope S_0x200df70;
T_0 ;
    %vpi_call 2 12 "$dumpfile", "circuitshort.vcd";
    %vpi_call 2 13 "$dumpvars", 1'sb0, S_0x200e060;
    %ix/load 0, 1, 0;
    %assign/v0 v0x20214c0_0, 0, 0;
    %ix/load 0, 1, 0;
    %assign/v0 v0x2021560_0, 0, 0;
    %ix/load 0, 1, 0;
    %assign/v0 v0x2021610_0, 0, 0;
    %delay 5, 0;
    %vpi_call 2 17 "$display", "atest = %d, btest = %d, ctest = %d, f = %d", v0x20214c0_0, v0x2021560_0, v0x2021610_0, v0x20216c0_0;
    %ix/load 0, 1, 0;
    %assign/v0 v0x20214c0_0, 0, 0;
    %ix/load 0, 1, 0;
    %assign/v0 v0x2021560_0, 0, 0;
    %ix/load 0, 1, 0;
    %assign/v0 v0x2021610_0, 0, 1;
    %delay 5, 0;
    %vpi_call 2 21 "$display", "atest = %d, btest = %d, ctest = %d, f = %d", v0x20214c0_0, v0x2021560_0, v0x2021610_0, v0x20216c0_0;
    %ix/load 0, 1, 0;
    %assign/v0 v0x20214c0_0, 0, 0;
    %ix/load 0, 1, 0;
    %assign/v0 v0x2021560_0, 0, 1;
    %ix/load 0, 1, 0;
    %assign/v0 v0x2021610_0, 0, 0;
    %delay 5, 0;
    %vpi_call 2 25 "$display", "atest = %d, btest = %d, ctest = %d, f = %d", v0x20214c0_0, v0x2021560_0, v0x2021610_0, v0x20216c0_0;
    %ix/load 0, 1, 0;
    %assign/v0 v0x20214c0_0, 0, 1;
    %ix/load 0, 1, 0;
    %assign/v0 v0x2021560_0, 0, 0;
    %ix/load 0, 1, 0;
    %assign/v0 v0x2021610_0, 0, 0;
    %delay 5, 0;
    %vpi_call 2 29 "$display", "atest = %d, btest = %d, ctest = %d, f = %d", v0x20214c0_0, v0x2021560_0, v0x2021610_0, v0x20216c0_0;
    %ix/load 0, 1, 0;
    %assign/v0 v0x20214c0_0, 0, 0;
    %ix/load 0, 1, 0;
    %assign/v0 v0x2021560_0, 0, 1;
    %ix/load 0, 1, 0;
    %assign/v0 v0x2021610_0, 0, 1;
    %delay 5, 0;
    %vpi_call 2 33 "$display", "atest = %d, btest = %d, ctest = %d, f = %d", v0x20214c0_0, v0x2021560_0, v0x2021610_0, v0x20216c0_0;
    %ix/load 0, 1, 0;
    %assign/v0 v0x20214c0_0, 0, 1;
    %ix/load 0, 1, 0;
    %assign/v0 v0x2021560_0, 0, 1;
    %ix/load 0, 1, 0;
    %assign/v0 v0x2021610_0, 0, 1;
    %delay 5, 0;
    %vpi_call 2 37 "$display", "atest = %d, btest = %d, ctest = %d, f = %d", v0x20214c0_0, v0x2021560_0, v0x2021610_0, v0x20216c0_0;
    %ix/load 0, 1, 0;
    %assign/v0 v0x20214c0_0, 0, 1;
    %ix/load 0, 1, 0;
    %assign/v0 v0x2021560_0, 0, 0;
    %ix/load 0, 1, 0;
    %assign/v0 v0x2021610_0, 0, 1;
    %delay 5, 0;
    %vpi_call 2 41 "$display", "atest = %d, btest = %d, ctest = %d, f = %d", v0x20214c0_0, v0x2021560_0, v0x2021610_0, v0x20216c0_0;
    %ix/load 0, 1, 0;
    %assign/v0 v0x20214c0_0, 0, 1;
    %ix/load 0, 1, 0;
    %assign/v0 v0x2021560_0, 0, 1;
    %ix/load 0, 1, 0;
    %assign/v0 v0x2021610_0, 0, 0;
    %delay 5, 0;
    %vpi_call 2 45 "$display", "atest = %d, btest = %d, ctest = %d, f = %d", v0x20214c0_0, v0x2021560_0, v0x2021610_0, v0x20216c0_0;
    %end;
    .thread T_0;
# The file index is used to find the file name in the following table.
:file_names 4;
    "N/A";
    "<interactive>";
    "circuitshort-test.v";
    "circuitshort.v";
